<?xml version="1.0" encoding="UTF-8"?>
<testsuite xmlns:xsi="http://www.w3.org/2001/XMLSchema-instance" xsi:noNamespaceSchemaLocation="https://maven.apache.org/surefire/maven-surefire-plugin/xsd/surefire-test-report.xsd" name="com.smoothstack.titaniumbanking.AccountApplicationTests" time="7.034" tests="7" errors="0" skipped="0" failures="3">
  <properties>
[...]
</properties>
  <testcase name="viewAllAccounts" classname="com.smoothstack.titaniumbanking.AccountApplicationTests" time="0.626">
    <failure message="expected: &lt;[Account(accountId=0, accountName=ONETestAccount, accountType=checking, accountNumber=12345, balance=9800, interest=5, lastStatementDate=2022-08-10, paymentDate=2022-08-10), Account(accountId=0, accountName=TWOTestAccount, accountType=loan, accountNumber=123456, balance=9900, interest=6, lastStatementDate=2022-08-10, paymentDate=2022-08-10), Account(accountId=0, accountName=THREETestAccount, accountType=investing, accountNumber=1234567, balance=1000, interest=9, lastStatementDate=2022-08-10, paymentDate=2022-08-10)]&gt; but was: &lt;[Account(accountId=1, accountName=ONETestAccount, accountType=checking, accountNumber=00000000432004197, balance=0, interest=0, lastStatementDate=2022-08-10, paymentDate=2022-08-10), Account(accountId=2, accountName=TWOTestAccount, accountType=loan, accountNumber=00000001912014459, balance=0, interest=15, lastStatementDate=2022-08-10, paymentDate=2022-08-10), Account(accountId=3, accountName=THREETestAccount, accountType=investing, accountNumber=00000000402129758, balance=0, interest=0, lastStatementDate=2022-08-10, paymentDate=2022-08-10)]&gt;" type="org.opentest4j.AssertionFailedError"><![CDATA[org.opentest4j.AssertionFailedError: expected: <[Account(accountId=0, accountName=ONETestAccount, accountType=checking, accountNumber=12345, balance=9800, interest=5, lastStatementDate=2022-08-10, paymentDate=2022-08-10), Account(accountId=0, accountName=TWOTestAccount, accountType=loan, accountNumber=123456, balance=9900, interest=6, lastStatementDate=2022-08-10, paymentDate=2022-08-10), Account(accountId=0, accountName=THREETestAccount, accountType=investing, accountNumber=1234567, balance=1000, interest=9, lastStatementDate=2022-08-10, paymentDate=2022-08-10)]> but was: <[Account(accountId=1, accountName=ONETestAccount, accountType=checking, accountNumber=00000000432004197, balance=0, interest=0, lastStatementDate=2022-08-10, paymentDate=2022-08-10), Account(accountId=2, accountName=TWOTestAccount, accountType=loan, accountNumber=00000001912014459, balance=0, interest=15, lastStatementDate=2022-08-10, paymentDate=2022-08-10), Account(accountId=3, accountName=THREETestAccount, accountType=investing, accountNumber=00000000402129758, balance=0, interest=0, lastStatementDate=2022-08-10, paymentDate=2022-08-10)]>
	at com.smoothstack.titaniumbanking.AccountApplicationTests.viewAllAccounts(AccountApplicationTests.java:78)
]]></failure>
    <system-out><![CDATA[13:17:07.708 [main] DEBUG org.springframework.test.context.BootstrapUtils - Instantiating CacheAwareContextLoaderDelegate from class [org.springframework.test.context.cache.DefaultCacheAwareContextLoaderDelegate]
13:17:07.739 [main] DEBUG org.springframework.test.context.BootstrapUtils - Instantiating BootstrapContext using constructor [public org.springframework.test.context.support.DefaultBootstrapContext(java.lang.Class,org.springframework.test.context.CacheAwareContextLoaderDelegate)]
13:17:07.822 [main] DEBUG org.springframework.test.context.BootstrapUtils - Instantiating TestContextBootstrapper for test class [com.smoothstack.titaniumbanking.AccountApplicationTests] from class [org.springframework.boot.test.context.SpringBootTestContextBootstrapper]
13:17:07.851 [main] INFO org.springframework.boot.test.context.SpringBootTestContextBootstrapper - Neither @ContextConfiguration nor @ContextHierarchy found for test class [com.smoothstack.titaniumbanking.AccountApplicationTests], using SpringBootContextLoader
13:17:07.856 [main] DEBUG org.springframework.test.context.support.AbstractContextLoader - Did not detect default resource location for test class [com.smoothstack.titaniumbanking.AccountApplicationTests]: class path resource [com/smoothstack/titaniumbanking/AccountApplicationTests-context.xml] does not exist
13:17:07.858 [main] DEBUG org.springframework.test.context.support.AbstractContextLoader - Did not detect default resource location for test class [com.smoothstack.titaniumbanking.AccountApplicationTests]: class path resource [com/smoothstack/titaniumbanking/AccountApplicationTestsContext.groovy] does not exist
13:17:07.858 [main] INFO org.springframework.test.context.support.AbstractContextLoader - Could not detect default resource locations for test class [com.smoothstack.titaniumbanking.AccountApplicationTests]: no resource found for suffixes {-context.xml, Context.groovy}.
13:17:07.861 [main] INFO org.springframework.test.context.support.AnnotationConfigContextLoaderUtils - Could not detect default configuration classes for test class [com.smoothstack.titaniumbanking.AccountApplicationTests]: AccountApplicationTests does not declare any static, non-private, non-final, nested classes annotated with @Configuration.
13:17:07.923 [main] DEBUG org.springframework.test.context.support.ActiveProfilesUtils - Could not find an 'annotation declaring class' for annotation type [org.springframework.test.context.ActiveProfiles] and class [com.smoothstack.titaniumbanking.AccountApplicationTests]
13:17:08.013 [main] DEBUG org.springframework.context.annotation.ClassPathScanningCandidateComponentProvider - Identified candidate component class: file [/Users/ammonsoon/Smoothstack/Projects/Titanium-Repo/titanium-banking/account/target/classes/com/smoothstack/titaniumbanking/TitaniumBankingApplication.class]
13:17:08.016 [main] INFO org.springframework.boot.test.context.SpringBootTestContextBootstrapper - Found @SpringBootConfiguration com.smoothstack.titaniumbanking.TitaniumBankingApplication for test class com.smoothstack.titaniumbanking.AccountApplicationTests
13:17:08.202 [main] DEBUG org.springframework.boot.test.context.SpringBootTestContextBootstrapper - @TestExecutionListeners is not present for class [com.smoothstack.titaniumbanking.AccountApplicationTests]: using defaults.
13:17:08.202 [main] INFO org.springframework.boot.test.context.SpringBootTestContextBootstrapper - Loaded default TestExecutionListener class names from location [META-INF/spring.factories]: [org.springframework.boot.test.mock.mockito.MockitoTestExecutionListener, org.springframework.boot.test.mock.mockito.ResetMocksTestExecutionListener, org.springframework.boot.test.autoconfigure.restdocs.RestDocsTestExecutionListener, org.springframework.boot.test.autoconfigure.web.client.MockRestServiceServerResetTestExecutionListener, org.springframework.boot.test.autoconfigure.web.servlet.MockMvcPrintOnlyOnFailureTestExecutionListener, org.springframework.boot.test.autoconfigure.web.servlet.WebDriverTestExecutionListener, org.springframework.boot.test.autoconfigure.webservices.client.MockWebServiceServerTestExecutionListener, org.springframework.test.context.web.ServletTestExecutionListener, org.springframework.test.context.support.DirtiesContextBeforeModesTestExecutionListener, org.springframework.test.context.event.ApplicationEventsTestExecutionListener, org.springframework.test.context.support.DependencyInjectionTestExecutionListener, org.springframework.test.context.support.DirtiesContextTestExecutionListener, org.springframework.test.context.transaction.TransactionalTestExecutionListener, org.springframework.test.context.jdbc.SqlScriptsTestExecutionListener, org.springframework.test.context.event.EventPublishingTestExecutionListener]
13:17:08.226 [main] INFO org.springframework.boot.test.context.SpringBootTestContextBootstrapper - Using TestExecutionListeners: [org.springframework.test.context.web.ServletTestExecutionListener@5e403b4a, org.springframework.test.context.support.DirtiesContextBeforeModesTestExecutionListener@5117dd67, org.springframework.test.context.event.ApplicationEventsTestExecutionListener@5be49b60, org.springframework.boot.test.mock.mockito.MockitoTestExecutionListener@2931522b, org.springframework.boot.test.autoconfigure.SpringBootDependencyInjectionTestExecutionListener@7674b62c, org.springframework.test.context.support.DirtiesContextTestExecutionListener@19e7a160, org.springframework.test.context.transaction.TransactionalTestExecutionListener@662706a7, org.springframework.test.context.jdbc.SqlScriptsTestExecutionListener@45a4b042, org.springframework.test.context.event.EventPublishingTestExecutionListener@16b2bb0c, org.springframework.boot.test.mock.mockito.ResetMocksTestExecutionListener@327af41b, org.springframework.boot.test.autoconfigure.restdocs.RestDocsTestExecutionListener@6cb6decd, org.springframework.boot.test.autoconfigure.web.client.MockRestServiceServerResetTestExecutionListener@c7045b9, org.springframework.boot.test.autoconfigure.web.servlet.MockMvcPrintOnlyOnFailureTestExecutionListener@f99f5e0, org.springframework.boot.test.autoconfigure.web.servlet.WebDriverTestExecutionListener@6aa61224, org.springframework.boot.test.autoconfigure.webservices.client.MockWebServiceServerTestExecutionListener@30bce90b]
13:17:08.231 [main] DEBUG org.springframework.test.context.support.AbstractDirtiesContextTestExecutionListener - Before test class: context [DefaultTestContext@11f0a5a1 testClass = AccountApplicationTests, testInstance = [null], testMethod = [null], testException = [null], mergedContextConfiguration = [WebMergedContextConfiguration@10f7f7de testClass = AccountApplicationTests, locations = '{}', classes = '{class com.smoothstack.titaniumbanking.TitaniumBankingApplication}', contextInitializerClasses = '[]', activeProfiles = '{}', propertySourceLocations = '{}', propertySourceProperties = '{org.springframework.boot.test.context.SpringBootTestContextBootstrapper=true}', contextCustomizers = set[org.springframework.boot.test.context.filter.ExcludeFilterContextCustomizer@5ab9e72c, org.springframework.boot.test.json.DuplicateJsonObjectContextCustomizerFactory$DuplicateJsonObjectContextCustomizer@757acd7b, org.springframework.boot.test.mock.mockito.MockitoContextCustomizer@0, org.springframework.boot.test.web.client.TestRestTemplateContextCustomizer@1fb700ee, org.springframework.boot.test.autoconfigure.actuate.metrics.MetricsExportContextCustomizerFactory$DisableMetricExportContextCustomizer@2cdd0d4b, org.springframework.boot.test.autoconfigure.properties.PropertyMappingContextCustomizer@0, org.springframework.boot.test.autoconfigure.web.servlet.WebDriverContextCustomizerFactory$Customizer@770d3326, org.springframework.boot.test.context.SpringBootTestArgs@1, org.springframework.boot.test.context.SpringBootTestWebEnvironment@370736d9], resourceBasePath = 'src/main/webapp', contextLoader = 'org.springframework.boot.test.context.SpringBootContextLoader', parent = [null]], attributes = map['org.springframework.test.context.web.ServletTestExecutionListener.activateListener' -> true]], class annotated with @DirtiesContext [false] with mode [null].

  .   ____          _            __ _ _
 /\\ / ___'_ __ _ _(_)_ __  __ _ \ \ \ \
( ( )\___ | '_ | '_| | '_ \/ _` | \ \ \ \
 \\/  ___)| |_)| | | | | || (_| |  ) ) ) )
  '  |____| .__|_| |_|_| |_\__, | / / / /
 =========|_|==============|___/=/_/_/_/
 :: Spring Boot ::                (v2.7.1)

2022-08-10 13:17:08.673  INFO 94743 --- [           main] c.s.t.AccountApplicationTests            : Starting AccountApplicationTests using Java 17.0.3 on Alexs-MBP.lan with PID 94743 (started by ammonsoon in /Users/ammonsoon/Smoothstack/Projects/Titanium-Repo/titanium-banking/account)
2022-08-10 13:17:08.678  INFO 94743 --- [           main] c.s.t.AccountApplicationTests            : No active profile set, falling back to 1 default profile: "default"
2022-08-10 13:17:09.831  INFO 94743 --- [           main] .s.d.r.c.RepositoryConfigurationDelegate : Bootstrapping Spring Data JPA repositories in DEFAULT mode.
2022-08-10 13:17:09.903  INFO 94743 --- [           main] .s.d.r.c.RepositoryConfigurationDelegate : Finished Spring Data repository scanning in 60 ms. Found 1 JPA repository interfaces.
2022-08-10 13:17:10.852  INFO 94743 --- [           main] com.zaxxer.hikari.HikariDataSource       : HikariPool-1 - Starting...
2022-08-10 13:17:11.091  INFO 94743 --- [           main] com.zaxxer.hikari.HikariDataSource       : HikariPool-1 - Start completed.
2022-08-10 13:17:11.263  INFO 94743 --- [           main] o.hibernate.jpa.internal.util.LogHelper  : HHH000204: Processing PersistenceUnitInfo [name: default]
2022-08-10 13:17:11.315  INFO 94743 --- [           main] org.hibernate.Version                    : HHH000412: Hibernate ORM core version 5.6.9.Final
2022-08-10 13:17:11.542  INFO 94743 --- [           main] o.hibernate.annotations.common.Version   : HCANN000001: Hibernate Commons Annotations {5.1.2.Final}
2022-08-10 13:17:11.654  INFO 94743 --- [           main] org.hibernate.dialect.Dialect            : HHH000400: Using dialect: org.hibernate.dialect.H2Dialect
2022-08-10 13:17:12.263  INFO 94743 --- [           main] o.h.e.t.j.p.i.JtaPlatformInitiator       : HHH000490: Using JtaPlatform implementation: [org.hibernate.engine.transaction.jta.platform.internal.NoJtaPlatform]
2022-08-10 13:17:12.271  INFO 94743 --- [           main] j.LocalContainerEntityManagerFactoryBean : Initialized JPA EntityManagerFactory for persistence unit 'default'
2022-08-10 13:17:13.083  WARN 94743 --- [           main] JpaBaseConfiguration$JpaWebConfiguration : spring.jpa.open-in-view is enabled by default. Therefore, database queries may be performed during view rendering. Explicitly configure spring.jpa.open-in-view to disable this warning
2022-08-10 13:17:13.397  INFO 94743 --- [           main] o.s.b.a.h2.H2ConsoleAutoConfiguration    : H2 console available at '/h2-console'. Database available at 'jdbc:h2:mem:testdb'
2022-08-10 13:17:13.720  INFO 94743 --- [           main] c.s.t.AccountApplicationTests            : Started AccountApplicationTests in 5.41 seconds (JVM running for 6.924)
]]></system-out>
  </testcase>
  <testcase name="updateAccountTest" classname="com.smoothstack.titaniumbanking.AccountApplicationTests" time="0.059">
    <failure message="expected: &lt;Account(accountId=4, accountName=UpdatedtestAccountDto, accountType=loan, accountNumber=12345, balance=980000000, interest=26, lastStatementDate=2022-08-10, paymentDate=2022-08-10)&gt; but was: &lt;Account(accountId=4, accountName=UpdatedtestAccountDto, accountType=loan, accountNumber=00000000362459242, balance=980000000, interest=26, lastStatementDate=2022-08-10, paymentDate=2022-08-10)&gt;" type="org.opentest4j.AssertionFailedError"><![CDATA[org.opentest4j.AssertionFailedError: expected: <Account(accountId=4, accountName=UpdatedtestAccountDto, accountType=loan, accountNumber=12345, balance=980000000, interest=26, lastStatementDate=2022-08-10, paymentDate=2022-08-10)> but was: <Account(accountId=4, accountName=UpdatedtestAccountDto, accountType=loan, accountNumber=00000000362459242, balance=980000000, interest=26, lastStatementDate=2022-08-10, paymentDate=2022-08-10)>
	at com.smoothstack.titaniumbanking.AccountApplicationTests.updateAccountTest(AccountApplicationTests.java:137)
]]></failure>
  </testcase>
  <testcase name="accountNumGenerationTest" classname="com.smoothstack.titaniumbanking.AccountApplicationTests" time="0.018"/>
  <testcase name="deleteAccountTest" classname="com.smoothstack.titaniumbanking.AccountApplicationTests" time="0.024">
    <failure message="expected: &lt;Account(accountId=7, accountName=ONETestAccount, accountType=checking, accountNumber=12345, balance=9800, interest=5, lastStatementDate=2022-08-10, paymentDate=2022-08-10)&gt; but was: &lt;Account(accountId=7, accountName=ONETestAccount, accountType=checking, accountNumber=00000000432736479, balance=0, interest=0, lastStatementDate=2022-08-10, paymentDate=2022-08-10)&gt;" type="org.opentest4j.AssertionFailedError"><![CDATA[org.opentest4j.AssertionFailedError: expected: <Account(accountId=7, accountName=ONETestAccount, accountType=checking, accountNumber=12345, balance=9800, interest=5, lastStatementDate=2022-08-10, paymentDate=2022-08-10)> but was: <Account(accountId=7, accountName=ONETestAccount, accountType=checking, accountNumber=00000000432736479, balance=0, interest=0, lastStatementDate=2022-08-10, paymentDate=2022-08-10)>
	at com.smoothstack.titaniumbanking.AccountApplicationTests.deleteAccountTest(AccountApplicationTests.java:164)
]]></failure>
  </testcase>
  <testcase name="contextLoads" classname="com.smoothstack.titaniumbanking.AccountApplicationTests" time="0.005"/>
  <testcase name="addAccountTest" classname="com.smoothstack.titaniumbanking.AccountApplicationTests" time="0.013"/>
  <testcase name="deleteAccountEmptyTest" classname="com.smoothstack.titaniumbanking.AccountApplicationTests" time="0.025"/>
</testsuite>